{"/Users/vishnuvardhan/Desktop/SItemate/Backend/server.js": {"path":"/Users/vishnuvardhan/Desktop/SItemate/Backend/server.js","statementMap":{"0":{"start":{"line":5,"column":29},"end":{"line":5,"column":39}},"1":{"start":{"line":14,"column":20},"end":{"line":18,"column":1}},"2":{"start":{"line":21,"column":12},"end":{"line":21,"column":21}},"3":{"start":{"line":28,"column":0},"end":{"line":28,"column":15}},"4":{"start":{"line":29,"column":0},"end":{"line":29,"column":24}},"5":{"start":{"line":30,"column":0},"end":{"line":30,"column":27}},"6":{"start":{"line":31,"column":0},"end":{"line":31,"column":12}},"7":{"start":{"line":32,"column":0},"end":{"line":32,"column":39}},"8":{"start":{"line":33,"column":0},"end":{"line":33,"column":22}},"9":{"start":{"line":37,"column":13},"end":{"line":39,"column":2}},"10":{"start":{"line":38,"column":4},"end":{"line":38,"column":52}}},"fnMap":{"0":{"name":"(anonymous_0)","decl":{"start":{"line":37,"column":30},"end":{"line":37,"column":31}},"loc":{"start":{"line":37,"column":36},"end":{"line":39,"column":1}},"line":37}},"branchMap":{},"s":{"0":1,"1":1,"2":1,"3":1,"4":1,"5":1,"6":1,"7":1,"8":1,"9":1,"10":1},"f":{"0":1},"b":{},"_coverageSchema":"1a1c01bbd47fc00a2c39e90264f33305004495a9","hash":"73cade6b62dc484f6bc7a5b8b90ae4ce4bef54ef"}
,"/Users/vishnuvardhan/Desktop/SItemate/Backend/config/database.config.js": {"path":"/Users/vishnuvardhan/Desktop/SItemate/Backend/config/database.config.js","statementMap":{"0":{"start":{"line":2,"column":12},"end":{"line":2,"column":46}},"1":{"start":{"line":5,"column":18},"end":{"line":13,"column":1}},"2":{"start":{"line":6,"column":4},"end":{"line":12,"column":5}},"3":{"start":{"line":7,"column":8},"end":{"line":7,"column":36}},"4":{"start":{"line":8,"column":8},"end":{"line":8,"column":54}},"5":{"start":{"line":10,"column":8},"end":{"line":10,"column":66}},"6":{"start":{"line":11,"column":8},"end":{"line":11,"column":24}}},"fnMap":{"0":{"name":"(anonymous_0)","decl":{"start":{"line":5,"column":18},"end":{"line":5,"column":19}},"loc":{"start":{"line":5,"column":30},"end":{"line":13,"column":1}},"line":5}},"branchMap":{},"s":{"0":1,"1":1,"2":1,"3":1,"4":1,"5":0,"6":0},"f":{"0":1},"b":{},"_coverageSchema":"1a1c01bbd47fc00a2c39e90264f33305004495a9","hash":"971a9aabb7e1ea4ee21b0f0d0d403441f7e256e6"}
,"/Users/vishnuvardhan/Desktop/SItemate/Backend/issue/issue.contoller.js": {"path":"/Users/vishnuvardhan/Desktop/SItemate/Backend/issue/issue.contoller.js","statementMap":{"0":{"start":{"line":5,"column":25},"end":{"line":36,"column":1}},"1":{"start":{"line":6,"column":4},"end":{"line":34,"column":5}},"2":{"start":{"line":7,"column":18},"end":{"line":7,"column":26}},"3":{"start":{"line":8,"column":8},"end":{"line":8,"column":24}},"4":{"start":{"line":9,"column":24},"end":{"line":9,"column":54}},"5":{"start":{"line":10,"column":8},"end":{"line":10,"column":29}},"6":{"start":{"line":11,"column":8},"end":{"line":11,"column":45}},"7":{"start":{"line":15,"column":8},"end":{"line":33,"column":9}},"8":{"start":{"line":16,"column":20},"end":{"line":16,"column":22}},"9":{"start":{"line":17,"column":24},"end":{"line":17,"column":78}},"10":{"start":{"line":18,"column":31},"end":{"line":18,"column":97}},"11":{"start":{"line":19,"column":12},"end":{"line":21,"column":13}},"12":{"start":{"line":20,"column":16},"end":{"line":20,"column":31}},"13":{"start":{"line":22,"column":12},"end":{"line":24,"column":13}},"14":{"start":{"line":23,"column":16},"end":{"line":23,"column":43}},"15":{"start":{"line":25,"column":12},"end":{"line":25,"column":28}},"16":{"start":{"line":26,"column":12},"end":{"line":26,"column":45}},"17":{"start":{"line":29,"column":12},"end":{"line":32,"column":15}},"18":{"start":{"line":38,"column":26},"end":{"line":57,"column":1}},"19":{"start":{"line":39,"column":4},"end":{"line":55,"column":5}},"20":{"start":{"line":40,"column":20},"end":{"line":40,"column":33}},"21":{"start":{"line":41,"column":21},"end":{"line":41,"column":55}},"22":{"start":{"line":42,"column":8},"end":{"line":46,"column":9}},"23":{"start":{"line":43,"column":12},"end":{"line":43,"column":45}},"24":{"start":{"line":44,"column":12},"end":{"line":44,"column":64}},"25":{"start":{"line":47,"column":8},"end":{"line":47,"column":29}},"26":{"start":{"line":48,"column":8},"end":{"line":48,"column":46}},"27":{"start":{"line":51,"column":8},"end":{"line":54,"column":11}},"28":{"start":{"line":59,"column":26},"end":{"line":77,"column":1}},"29":{"start":{"line":60,"column":4},"end":{"line":75,"column":5}},"30":{"start":{"line":61,"column":21},"end":{"line":61,"column":45}},"31":{"start":{"line":62,"column":8},"end":{"line":65,"column":9}},"32":{"start":{"line":63,"column":12},"end":{"line":63,"column":45}},"33":{"start":{"line":64,"column":12},"end":{"line":64,"column":65}},"34":{"start":{"line":66,"column":8},"end":{"line":66,"column":29}},"35":{"start":{"line":68,"column":8},"end":{"line":68,"column":46}},"36":{"start":{"line":71,"column":8},"end":{"line":74,"column":11}},"37":{"start":{"line":80,"column":29},"end":{"line":107,"column":1}},"38":{"start":{"line":81,"column":4},"end":{"line":104,"column":5}},"39":{"start":{"line":82,"column":22},"end":{"line":82,"column":35}},"40":{"start":{"line":83,"column":19},"end":{"line":83,"column":27}},"41":{"start":{"line":84,"column":8},"end":{"line":84,"column":24}},"42":{"start":{"line":85,"column":8},"end":{"line":88,"column":9}},"43":{"start":{"line":86,"column":12},"end":{"line":86,"column":49}},"44":{"start":{"line":87,"column":12},"end":{"line":87,"column":75}},"45":{"start":{"line":90,"column":21},"end":{"line":90,"column":65}},"46":{"start":{"line":91,"column":8},"end":{"line":94,"column":9}},"47":{"start":{"line":92,"column":12},"end":{"line":92,"column":45}},"48":{"start":{"line":93,"column":12},"end":{"line":93,"column":64}},"49":{"start":{"line":95,"column":8},"end":{"line":95,"column":29}},"50":{"start":{"line":96,"column":8},"end":{"line":96,"column":45}},"51":{"start":{"line":99,"column":8},"end":{"line":102,"column":11}},"52":{"start":{"line":110,"column":29},"end":{"line":129,"column":5}},"53":{"start":{"line":111,"column":4},"end":{"line":127,"column":9}},"54":{"start":{"line":113,"column":20},"end":{"line":113,"column":33}},"55":{"start":{"line":114,"column":25},"end":{"line":114,"column":62}},"56":{"start":{"line":115,"column":8},"end":{"line":118,"column":9}},"57":{"start":{"line":116,"column":12},"end":{"line":116,"column":45}},"58":{"start":{"line":117,"column":12},"end":{"line":117,"column":64}},"59":{"start":{"line":119,"column":8},"end":{"line":119,"column":79}},"60":{"start":{"line":120,"column":8},"end":{"line":120,"column":93}},"61":{"start":{"line":123,"column":12},"end":{"line":126,"column":15}}},"fnMap":{"0":{"name":"createIssue","decl":{"start":{"line":5,"column":40},"end":{"line":5,"column":51}},"loc":{"start":{"line":5,"column":61},"end":{"line":36,"column":1}},"line":5},"1":{"name":"getIssueById","decl":{"start":{"line":38,"column":41},"end":{"line":38,"column":53}},"loc":{"start":{"line":38,"column":63},"end":{"line":57,"column":1}},"line":38},"2":{"name":"getAllIssues","decl":{"start":{"line":59,"column":41},"end":{"line":59,"column":53}},"loc":{"start":{"line":59,"column":63},"end":{"line":77,"column":1}},"line":59},"3":{"name":"updateIssueById","decl":{"start":{"line":80,"column":44},"end":{"line":80,"column":59}},"loc":{"start":{"line":80,"column":69},"end":{"line":107,"column":1}},"line":80},"4":{"name":"deleteIssueById","decl":{"start":{"line":110,"column":44},"end":{"line":110,"column":59}},"loc":{"start":{"line":110,"column":69},"end":{"line":129,"column":5}},"line":110}},"branchMap":{"0":{"loc":{"start":{"line":15,"column":8},"end":{"line":33,"column":9}},"type":"if","locations":[{"start":{"line":15,"column":8},"end":{"line":33,"column":9}},{"start":{"line":27,"column":15},"end":{"line":33,"column":9}}],"line":15},"1":{"loc":{"start":{"line":17,"column":24},"end":{"line":17,"column":78}},"type":"cond-expr","locations":[{"start":{"line":17,"column":45},"end":{"line":17,"column":71}},{"start":{"line":17,"column":74},"end":{"line":17,"column":78}}],"line":17},"2":{"loc":{"start":{"line":18,"column":31},"end":{"line":18,"column":97}},"type":"cond-expr","locations":[{"start":{"line":18,"column":58},"end":{"line":18,"column":90}},{"start":{"line":18,"column":93},"end":{"line":18,"column":97}}],"line":18},"3":{"loc":{"start":{"line":19,"column":12},"end":{"line":21,"column":13}},"type":"if","locations":[{"start":{"line":19,"column":12},"end":{"line":21,"column":13}},{"start":{},"end":{}}],"line":19},"4":{"loc":{"start":{"line":22,"column":12},"end":{"line":24,"column":13}},"type":"if","locations":[{"start":{"line":22,"column":12},"end":{"line":24,"column":13}},{"start":{},"end":{}}],"line":22},"5":{"loc":{"start":{"line":42,"column":8},"end":{"line":46,"column":9}},"type":"if","locations":[{"start":{"line":42,"column":8},"end":{"line":46,"column":9}},{"start":{},"end":{}}],"line":42},"6":{"loc":{"start":{"line":62,"column":8},"end":{"line":65,"column":9}},"type":"if","locations":[{"start":{"line":62,"column":8},"end":{"line":65,"column":9}},{"start":{},"end":{}}],"line":62},"7":{"loc":{"start":{"line":85,"column":8},"end":{"line":88,"column":9}},"type":"if","locations":[{"start":{"line":85,"column":8},"end":{"line":88,"column":9}},{"start":{},"end":{}}],"line":85},"8":{"loc":{"start":{"line":91,"column":8},"end":{"line":94,"column":9}},"type":"if","locations":[{"start":{"line":91,"column":8},"end":{"line":94,"column":9}},{"start":{},"end":{}}],"line":91},"9":{"loc":{"start":{"line":115,"column":8},"end":{"line":118,"column":9}},"type":"if","locations":[{"start":{"line":115,"column":8},"end":{"line":118,"column":9}},{"start":{},"end":{}}],"line":115}},"s":{"0":1,"1":3,"2":3,"3":3,"4":3,"5":1,"6":1,"7":2,"8":2,"9":2,"10":2,"11":2,"12":1,"13":2,"14":1,"15":2,"16":2,"17":0,"18":1,"19":2,"20":2,"21":2,"22":2,"23":1,"24":1,"25":1,"26":1,"27":0,"28":1,"29":1,"30":1,"31":1,"32":0,"33":0,"34":1,"35":1,"36":0,"37":1,"38":4,"39":4,"40":4,"41":4,"42":4,"43":0,"44":0,"45":4,"46":4,"47":1,"48":1,"49":3,"50":3,"51":0,"52":1,"53":2,"54":2,"55":2,"56":2,"57":1,"58":1,"59":1,"60":1,"61":0},"f":{"0":3,"1":2,"2":1,"3":4,"4":2},"b":{"0":[2,0],"1":[1,1],"2":[1,1],"3":[1,1],"4":[1,1],"5":[1,1],"6":[0,1],"7":[0,4],"8":[1,3],"9":[1,1]},"_coverageSchema":"1a1c01bbd47fc00a2c39e90264f33305004495a9","hash":"02a1515ebe42aff5ca62006f4d36efb99af99a11"}
,"/Users/vishnuvardhan/Desktop/SItemate/Backend/issue/issue.model.js": {"path":"/Users/vishnuvardhan/Desktop/SItemate/Backend/issue/issue.model.js","statementMap":{"0":{"start":{"line":3,"column":20},"end":{"line":16,"column":2}}},"fnMap":{},"branchMap":{},"s":{"0":1},"f":{},"b":{},"_coverageSchema":"1a1c01bbd47fc00a2c39e90264f33305004495a9","hash":"9a433e1c0b825af895a7f83dc23a21b49584096d"}
,"/Users/vishnuvardhan/Desktop/SItemate/Backend/issue/issue.service.js": {"path":"/Users/vishnuvardhan/Desktop/SItemate/Backend/issue/issue.service.js","statementMap":{"0":{"start":{"line":4,"column":31},"end":{"line":11,"column":1}},"1":{"start":{"line":7,"column":19},"end":{"line":7,"column":38}},"2":{"start":{"line":8,"column":27},"end":{"line":8,"column":45}},"3":{"start":{"line":9,"column":5},"end":{"line":9,"column":26}},"4":{"start":{"line":13,"column":34},"end":{"line":16,"column":1}},"5":{"start":{"line":14,"column":21},"end":{"line":14,"column":50}},"6":{"start":{"line":15,"column":4},"end":{"line":15,"column":19}},"7":{"start":{"line":18,"column":31},"end":{"line":21,"column":1}},"8":{"start":{"line":19,"column":21},"end":{"line":19,"column":39}},"9":{"start":{"line":20,"column":4},"end":{"line":20,"column":19}},"10":{"start":{"line":25,"column":37},"end":{"line":39,"column":1}},"11":{"start":{"line":26,"column":19},"end":{"line":26,"column":48}},"12":{"start":{"line":27,"column":4},"end":{"line":29,"column":5}},"13":{"start":{"line":28,"column":8},"end":{"line":28,"column":20}},"14":{"start":{"line":30,"column":4},"end":{"line":32,"column":5}},"15":{"start":{"line":31,"column":8},"end":{"line":31,"column":35}},"16":{"start":{"line":34,"column":4},"end":{"line":36,"column":5}},"17":{"start":{"line":35,"column":8},"end":{"line":35,"column":47}},"18":{"start":{"line":37,"column":21},"end":{"line":37,"column":50}},"19":{"start":{"line":38,"column":4},"end":{"line":38,"column":21}},"20":{"start":{"line":42,"column":36},"end":{"line":47,"column":1}},"21":{"start":{"line":44,"column":25},"end":{"line":44,"column":63}},"22":{"start":{"line":45,"column":4},"end":{"line":45,"column":23}}},"fnMap":{"0":{"name":"(anonymous_0)","decl":{"start":{"line":4,"column":31},"end":{"line":4,"column":32}},"loc":{"start":{"line":4,"column":57},"end":{"line":11,"column":1}},"line":4},"1":{"name":"(anonymous_1)","decl":{"start":{"line":13,"column":34},"end":{"line":13,"column":35}},"loc":{"start":{"line":13,"column":58},"end":{"line":16,"column":1}},"line":13},"2":{"name":"(anonymous_2)","decl":{"start":{"line":18,"column":31},"end":{"line":18,"column":32}},"loc":{"start":{"line":18,"column":48},"end":{"line":21,"column":1}},"line":18},"3":{"name":"(anonymous_3)","decl":{"start":{"line":25,"column":37},"end":{"line":25,"column":38}},"loc":{"start":{"line":25,"column":68},"end":{"line":39,"column":1}},"line":25},"4":{"name":"deleteIssueByIdHandler","decl":{"start":{"line":42,"column":51},"end":{"line":42,"column":73}},"loc":{"start":{"line":42,"column":83},"end":{"line":47,"column":1}},"line":42}},"branchMap":{"0":{"loc":{"start":{"line":27,"column":4},"end":{"line":29,"column":5}},"type":"if","locations":[{"start":{"line":27,"column":4},"end":{"line":29,"column":5}},{"start":{},"end":{}}],"line":27},"1":{"loc":{"start":{"line":30,"column":4},"end":{"line":32,"column":5}},"type":"if","locations":[{"start":{"line":30,"column":4},"end":{"line":32,"column":5}},{"start":{},"end":{}}],"line":30},"2":{"loc":{"start":{"line":34,"column":4},"end":{"line":36,"column":5}},"type":"if","locations":[{"start":{"line":34,"column":4},"end":{"line":36,"column":5}},{"start":{},"end":{}}],"line":34}},"s":{"0":1,"1":3,"2":3,"3":1,"4":1,"5":2,"6":2,"7":1,"8":1,"9":1,"10":1,"11":4,"12":4,"13":1,"14":3,"15":2,"16":3,"17":2,"18":3,"19":3,"20":1,"21":2,"22":2},"f":{"0":3,"1":2,"2":1,"3":4,"4":2},"b":{"0":[1,3],"1":[2,1],"2":[2,1]},"_coverageSchema":"1a1c01bbd47fc00a2c39e90264f33305004495a9","hash":"811da65b3f91a4b977a512057b37c6ef05d08e87"}
,"/Users/vishnuvardhan/Desktop/SItemate/Backend/routes/issue.routes.js": {"path":"/Users/vishnuvardhan/Desktop/SItemate/Backend/routes/issue.routes.js","statementMap":{"0":{"start":{"line":5,"column":15},"end":{"line":5,"column":31}},"1":{"start":{"line":7,"column":0},"end":{"line":7,"column":36}},"2":{"start":{"line":8,"column":0},"end":{"line":8,"column":37}},"3":{"start":{"line":9,"column":0},"end":{"line":9,"column":34}},"4":{"start":{"line":10,"column":0},"end":{"line":10,"column":40}},"5":{"start":{"line":11,"column":0},"end":{"line":11,"column":43}}},"fnMap":{},"branchMap":{},"s":{"0":1,"1":1,"2":1,"3":1,"4":1,"5":1},"f":{},"b":{},"_coverageSchema":"1a1c01bbd47fc00a2c39e90264f33305004495a9","hash":"204014ce47820a1f648ce882d0f38486a61fda33"}
}
