TN:
SF:server.js
FN:37,(anonymous_0)
FNF:1
FNH:1
FNDA:1,(anonymous_0)
DA:5,1
DA:14,1
DA:21,1
DA:28,1
DA:29,1
DA:30,1
DA:31,1
DA:32,1
DA:33,1
DA:37,1
DA:38,1
LF:11
LH:11
BRF:0
BRH:0
end_of_record
TN:
SF:config/database.config.js
FN:5,(anonymous_0)
FNF:1
FNH:1
FNDA:1,(anonymous_0)
DA:2,1
DA:5,1
DA:6,1
DA:7,1
DA:8,1
DA:10,0
DA:11,0
LF:7
LH:5
BRF:0
BRH:0
end_of_record
TN:
SF:issue/issue.contoller.js
FN:5,createIssue
FN:38,getIssueById
FN:59,getAllIssues
FN:80,updateIssueById
FN:110,deleteIssueById
FNF:5
FNH:5
FNDA:3,createIssue
FNDA:2,getIssueById
FNDA:1,getAllIssues
FNDA:4,updateIssueById
FNDA:2,deleteIssueById
DA:5,1
DA:6,3
DA:7,3
DA:8,3
DA:9,3
DA:10,1
DA:11,1
DA:15,2
DA:16,2
DA:17,2
DA:18,2
DA:19,2
DA:20,1
DA:22,2
DA:23,1
DA:25,2
DA:26,2
DA:29,0
DA:38,1
DA:39,2
DA:40,2
DA:41,2
DA:42,2
DA:43,1
DA:44,1
DA:47,1
DA:48,1
DA:51,0
DA:59,1
DA:60,1
DA:61,1
DA:62,1
DA:63,0
DA:64,0
DA:66,1
DA:68,1
DA:71,0
DA:80,1
DA:81,4
DA:82,4
DA:83,4
DA:84,4
DA:85,4
DA:86,0
DA:87,0
DA:90,4
DA:91,4
DA:92,1
DA:93,1
DA:95,3
DA:96,3
DA:99,0
DA:110,1
DA:111,2
DA:113,2
DA:114,2
DA:115,2
DA:116,1
DA:117,1
DA:119,1
DA:120,1
DA:123,0
LF:62
LH:53
BRDA:15,0,0,2
BRDA:15,0,1,0
BRDA:17,1,0,1
BRDA:17,1,1,1
BRDA:18,2,0,1
BRDA:18,2,1,1
BRDA:19,3,0,1
BRDA:19,3,1,1
BRDA:22,4,0,1
BRDA:22,4,1,1
BRDA:42,5,0,1
BRDA:42,5,1,1
BRDA:62,6,0,0
BRDA:62,6,1,1
BRDA:85,7,0,0
BRDA:85,7,1,4
BRDA:91,8,0,1
BRDA:91,8,1,3
BRDA:115,9,0,1
BRDA:115,9,1,1
BRF:20
BRH:17
end_of_record
TN:
SF:issue/issue.model.js
FNF:0
FNH:0
DA:3,1
LF:1
LH:1
BRF:0
BRH:0
end_of_record
TN:
SF:issue/issue.service.js
FN:4,(anonymous_0)
FN:13,(anonymous_1)
FN:18,(anonymous_2)
FN:25,(anonymous_3)
FN:42,deleteIssueByIdHandler
FNF:5
FNH:5
FNDA:3,(anonymous_0)
FNDA:2,(anonymous_1)
FNDA:1,(anonymous_2)
FNDA:4,(anonymous_3)
FNDA:2,deleteIssueByIdHandler
DA:4,1
DA:7,3
DA:8,3
DA:9,1
DA:13,1
DA:14,2
DA:15,2
DA:18,1
DA:19,1
DA:20,1
DA:25,1
DA:26,4
DA:27,4
DA:28,1
DA:30,3
DA:31,2
DA:34,3
DA:35,2
DA:37,3
DA:38,3
DA:42,1
DA:44,2
DA:45,2
LF:23
LH:23
BRDA:27,0,0,1
BRDA:27,0,1,3
BRDA:30,1,0,2
BRDA:30,1,1,1
BRDA:34,2,0,2
BRDA:34,2,1,1
BRF:6
BRH:6
end_of_record
TN:
SF:routes/issue.routes.js
FNF:0
FNH:0
DA:5,1
DA:7,1
DA:8,1
DA:9,1
DA:10,1
DA:11,1
LF:6
LH:6
BRF:0
BRH:0
end_of_record
